<?xml version="1.0" encoding="UTF-8"?>
<!-- Generated by org.testng.reporters.JUnitReportReporter -->
<testsuite hostname="LAPTOP-UQOLB7HM" failures="0" tests="7" name="com.testclasses.InventoryTest" time="229.798" errors="0" timestamp="2023-07-28T22:32:46 IST" skipped="0">
  <testcase classname="com.testclasses.InventoryTest" name="remove2products" time="47.475"/>
  <system-out>
    <![CDATA[Count of products after removal-3]]>
  </system-out>
  <testcase classname="com.testclasses.InventoryTest" name="verifyProductLabel" time="37.934"/>
  <system-out>
    <![CDATA[Original label -Products]]>
  </system-out>
  <testcase classname="com.testclasses.InventoryTest" name="verifyTwitterPresent" time="31.464"/>
  <system-out>
    <![CDATA[Visibility of Logo-true]]>
  </system-out>
  <testcase classname="com.testclasses.InventoryTest" name="verifyFbPresent" time="30.444"/>
  <system-out>
    <![CDATA[Visibility of Logo-true]]>
  </system-out>
  <testcase classname="com.testclasses.InventoryTest" name="verifyLinkedinPresent" time="20.652"/>
  <system-out>
    <![CDATA[Visibility of Logo-true]]>
  </system-out>
  <testcase classname="com.testclasses.InventoryTest" name="addAllProducts" time="38.324"/>
  <system-out>
    <![CDATA[ Total Products added5]]>
  </system-out>
  <testcase classname="com.testclasses.InventoryTest" name="verifyLogoPresent" time="23.505"/>
  <system-out>
    <![CDATA[Visibility of Logo-true]]>
  </system-out>
</testsuite> <!-- com.testclasses.InventoryTest -->
