<?xml version="1.0" encoding="UTF-8"?>
<!-- Generated by org.testng.reporters.JUnitReportReporter -->
<testsuite hostname="LAPTOP-UQOLB7HM" failures="0" tests="1" name="com.testclasses.TC_HP_01" time="92.827" errors="0" timestamp="2023-07-29T00:19:01 IST" skipped="0">
  <testcase classname="com.testclasses.TC_HP_01" name="loginToAppTest" time="92.827"/>
  <system-out>
    <![CDATA[Current Url of Application-https://www.saucedemo.com/inventory.html]]>
  </system-out>
</testsuite> <!-- com.testclasses.TC_HP_01 -->
