<?xml version="1.0" encoding="UTF-8"?>
<!-- Generated by org.testng.reporters.JUnitReportReporter -->
<testsuite hostname="LAPTOP-UQOLB7HM" failures="0" tests="2" name="com.testclasses.ShoppingCartTest" time="96.980" errors="0" timestamp="2023-07-28T22:32:46 IST" skipped="0">
  <testcase classname="com.testclasses.ShoppingCartTest" name="verifyCartPageUrl" time="51.421"/>
  <system-out>
    <![CDATA[Actual Url of Website is -https://www.saucedemo.com/cart.html]]>
  </system-out>
  <testcase classname="com.testclasses.ShoppingCartTest" name="verifyCartLabel" time="45.559"/>
  <system-out>
    <![CDATA[Actual Label of Website is -Your Cart]]>
  </system-out>
</testsuite> <!-- com.testclasses.ShoppingCartTest -->
