<?xml version="1.0" encoding="UTF-8"?>
<!-- Generated by org.testng.reporters.JUnitReportReporter -->
<testsuite hostname="LAPTOP-UQOLB7HM" failures="0" tests="1" name="com.testclasses.CheckOutPage1Test" time="23.210" errors="0" timestamp="2023-07-28T16:51:53 IST" skipped="0">
  <testcase classname="com.testclasses.CheckOutPage1Test" name="verifyAmount" time="23.210"/>
  <system-out>
    <![CDATA[Verified shipping -Total: $131.71]]>
  </system-out>
</testsuite> <!-- com.testclasses.CheckOutPage1Test -->
