<?xml version="1.0" encoding="UTF-8"?>
<!-- Generated by org.testng.reporters.JUnitReportReporter -->
<testsuite hostname="LAPTOP-UQOLB7HM" failures="0" tests="1" name="com.testclasses.CheckOutPageTest" time="23.329" errors="0" timestamp="2023-07-28T14:29:36 IST" skipped="0">
  <testcase classname="com.testclasses.CheckOutPageTest" name="inputCheckOutInfo" time="23.329"/>
  <system-out>
    <![CDATA[Information is coorect -https://www.saucedemo.com/checkout-step-two.html]]>
  </system-out>
</testsuite> <!-- com.testclasses.CheckOutPageTest -->
